  Source.cpp
C:\Users\20109\Documents\GitHub\menu-sp\flappy bird 2\Source.cpp(19,44): warning C4244: 'initializing': conversion from 'T' to 'float', possible loss of data
C:\Users\20109\Documents\GitHub\menu-sp\flappy bird 2\Source.cpp(19,44): warning C4244:         with
C:\Users\20109\Documents\GitHub\menu-sp\flappy bird 2\Source.cpp(19,44): warning C4244:         [
C:\Users\20109\Documents\GitHub\menu-sp\flappy bird 2\Source.cpp(19,44): warning C4244:             T=unsigned int
C:\Users\20109\Documents\GitHub\menu-sp\flappy bird 2\Source.cpp(19,44): warning C4244:         ]
C:\Users\20109\Documents\GitHub\menu-sp\flappy bird 2\Source.cpp(19,22): warning C4244: 'initializing': conversion from 'T' to 'const float', possible loss of data
C:\Users\20109\Documents\GitHub\menu-sp\flappy bird 2\Source.cpp(19,22): warning C4244:         with
C:\Users\20109\Documents\GitHub\menu-sp\flappy bird 2\Source.cpp(19,22): warning C4244:         [
C:\Users\20109\Documents\GitHub\menu-sp\flappy bird 2\Source.cpp(19,22): warning C4244:             T=unsigned int
C:\Users\20109\Documents\GitHub\menu-sp\flappy bird 2\Source.cpp(19,22): warning C4244:         ]
C:\Users\20109\Documents\GitHub\menu-sp\flappy bird 2\Source.cpp(20,44): warning C4244: 'initializing': conversion from 'T' to 'float', possible loss of data
C:\Users\20109\Documents\GitHub\menu-sp\flappy bird 2\Source.cpp(20,44): warning C4244:         with
C:\Users\20109\Documents\GitHub\menu-sp\flappy bird 2\Source.cpp(20,44): warning C4244:         [
C:\Users\20109\Documents\GitHub\menu-sp\flappy bird 2\Source.cpp(20,44): warning C4244:             T=unsigned int
C:\Users\20109\Documents\GitHub\menu-sp\flappy bird 2\Source.cpp(20,44): warning C4244:         ]
C:\Users\20109\Documents\GitHub\menu-sp\flappy bird 2\Source.cpp(20,22): warning C4244: 'initializing': conversion from 'T' to 'const float', possible loss of data
C:\Users\20109\Documents\GitHub\menu-sp\flappy bird 2\Source.cpp(20,22): warning C4244:         with
C:\Users\20109\Documents\GitHub\menu-sp\flappy bird 2\Source.cpp(20,22): warning C4244:         [
C:\Users\20109\Documents\GitHub\menu-sp\flappy bird 2\Source.cpp(20,22): warning C4244:             T=unsigned int
C:\Users\20109\Documents\GitHub\menu-sp\flappy bird 2\Source.cpp(20,22): warning C4244:         ]
C:\Users\20109\Documents\GitHub\menu-sp\flappy bird 2\Source.cpp(47,79): warning C4244: 'argument': conversion from 'T' to 'T', possible loss of data
C:\Users\20109\Documents\GitHub\menu-sp\flappy bird 2\Source.cpp(47,79): warning C4244:         with
C:\Users\20109\Documents\GitHub\menu-sp\flappy bird 2\Source.cpp(47,79): warning C4244:         [
C:\Users\20109\Documents\GitHub\menu-sp\flappy bird 2\Source.cpp(47,79): warning C4244:             T=unsigned int
C:\Users\20109\Documents\GitHub\menu-sp\flappy bird 2\Source.cpp(47,79): warning C4244:         ]
C:\Users\20109\Documents\GitHub\menu-sp\flappy bird 2\Source.cpp(47,79): warning C4244:         and
C:\Users\20109\Documents\GitHub\menu-sp\flappy bird 2\Source.cpp(47,79): warning C4244:         [
C:\Users\20109\Documents\GitHub\menu-sp\flappy bird 2\Source.cpp(47,79): warning C4244:             T=float
C:\Users\20109\Documents\GitHub\menu-sp\flappy bird 2\Source.cpp(47,79): warning C4244:         ]
C:\Users\20109\Documents\GitHub\menu-sp\flappy bird 2\Source.cpp(47,55): warning C4244: 'argument': conversion from 'T' to 'T', possible loss of data
C:\Users\20109\Documents\GitHub\menu-sp\flappy bird 2\Source.cpp(47,55): warning C4244:         with
C:\Users\20109\Documents\GitHub\menu-sp\flappy bird 2\Source.cpp(47,55): warning C4244:         [
C:\Users\20109\Documents\GitHub\menu-sp\flappy bird 2\Source.cpp(47,55): warning C4244:             T=unsigned int
C:\Users\20109\Documents\GitHub\menu-sp\flappy bird 2\Source.cpp(47,55): warning C4244:         ]
C:\Users\20109\Documents\GitHub\menu-sp\flappy bird 2\Source.cpp(47,55): warning C4244:         and
C:\Users\20109\Documents\GitHub\menu-sp\flappy bird 2\Source.cpp(47,55): warning C4244:         [
C:\Users\20109\Documents\GitHub\menu-sp\flappy bird 2\Source.cpp(47,55): warning C4244:             T=float
C:\Users\20109\Documents\GitHub\menu-sp\flappy bird 2\Source.cpp(47,55): warning C4244:         ]
C:\Users\20109\Documents\GitHub\menu-sp\flappy bird 2\Source.cpp(102,58): warning C4305: '=': truncation from 'double' to 'float'
C:\Users\20109\Documents\GitHub\menu-sp\flappy bird 2\Source.cpp(140,26): warning C4244: 'argument': conversion from 'int' to 'float', possible loss of data
C:\Users\20109\Documents\GitHub\menu-sp\flappy bird 2\Source.cpp(148,26): warning C4244: 'argument': conversion from 'int' to 'float', possible loss of data
C:\Users\20109\Documents\GitHub\menu-sp\flappy bird 2\Source.cpp(232,36): warning C4305: 'argument': truncation from 'double' to 'float'
C:\Users\20109\Documents\GitHub\menu-sp\flappy bird 2\Source.cpp(232,31): warning C4305: 'argument': truncation from 'double' to 'float'
  flappy bird 2.vcxproj -> C:\Users\20109\Documents\GitHub\menu-sp\x64\Debug\flappy bird 2.exe
